{"/home/ali/Dev/External/react-2048/constants.ts": {"path":"/home/ali/Dev/External/react-2048/constants.ts","statementMap":{"0":{"start":{"line":6,"column":13},"end":{"line":6,"column":34}},"1":{"start":{"line":4,"column":13},"end":{"line":4,"column":33}},"2":{"start":{"line":20,"column":13},"end":{"line":20,"column":29}},"3":{"start":{"line":13,"column":13},"end":{"line":13,"column":35}},"4":{"start":{"line":15,"column":13},"end":{"line":15,"column":34}},"5":{"start":{"line":8,"column":13},"end":{"line":8,"column":34}},"6":{"start":{"line":4,"column":36},"end":{"line":4,"column":41}},"7":{"start":{"line":6,"column":37},"end":{"line":6,"column":42}},"8":{"start":{"line":8,"column":37},"end":{"line":8,"column":null}},"9":{"start":{"line":13,"column":38},"end":{"line":13,"column":43}},"10":{"start":{"line":15,"column":37},"end":{"line":15,"column":42}},"11":{"start":{"line":20,"column":32},"end":{"line":20,"column":null}}},"fnMap":{},"branchMap":{},"s":{"0":0,"1":44,"2":0,"3":41,"4":0,"5":726,"6":5,"7":5,"8":5,"9":5,"10":5,"11":5},"f":{},"b":{}}
,"/home/ali/Dev/External/react-2048/components/board.tsx": {"path":"/home/ali/Dev/External/react-2048/components/board.tsx","statementMap":{"0":{"start":{"line":9,"column":24},"end":{"line":9,"column":null}},"1":{"start":{"line":1,"column":59},"end":{"line":1,"column":null}},"2":{"start":{"line":3,"column":19},"end":{"line":3,"column":null}},"3":{"start":{"line":4,"column":17},"end":{"line":4,"column":null}},"4":{"start":{"line":5,"column":28},"end":{"line":5,"column":null}},"5":{"start":{"line":6,"column":41},"end":{"line":6,"column":null}},"6":{"start":{"line":7,"column":19},"end":{"line":7,"column":null}},"7":{"start":{"line":10,"column":53},"end":{"line":10,"column":null}},"8":{"start":{"line":11,"column":22},"end":{"line":11,"column":null}},"9":{"start":{"line":13,"column":24},"end":{"line":33,"column":null}},"10":{"start":{"line":16,"column":6},"end":{"line":16,"column":null}},"11":{"start":{"line":18,"column":6},"end":{"line":31,"column":null}},"12":{"start":{"line":20,"column":10},"end":{"line":20,"column":null}},"13":{"start":{"line":21,"column":10},"end":{"line":21,"column":null}},"14":{"start":{"line":23,"column":10},"end":{"line":23,"column":null}},"15":{"start":{"line":24,"column":10},"end":{"line":24,"column":null}},"16":{"start":{"line":26,"column":10},"end":{"line":26,"column":null}},"17":{"start":{"line":27,"column":10},"end":{"line":27,"column":null}},"18":{"start":{"line":29,"column":10},"end":{"line":29,"column":null}},"19":{"start":{"line":30,"column":10},"end":{"line":30,"column":null}},"20":{"start":{"line":36,"column":22},"end":{"line":52,"column":null}},"21":{"start":{"line":38,"column":6},"end":{"line":50,"column":null}},"22":{"start":{"line":39,"column":8},"end":{"line":43,"column":null}},"23":{"start":{"line":40,"column":10},"end":{"line":40,"column":null}},"24":{"start":{"line":42,"column":10},"end":{"line":42,"column":null}},"25":{"start":{"line":45,"column":8},"end":{"line":49,"column":null}},"26":{"start":{"line":46,"column":10},"end":{"line":46,"column":null}},"27":{"start":{"line":48,"column":10},"end":{"line":48,"column":null}},"28":{"start":{"line":55,"column":21},"end":{"line":64,"column":null}},"29":{"start":{"line":56,"column":33},"end":{"line":56,"column":35}},"30":{"start":{"line":57,"column":28},"end":{"line":57,"column":null}},"31":{"start":{"line":59,"column":4},"end":{"line":61,"column":null}},"32":{"start":{"line":59,"column":21},"end":{"line":59,"column":24}},"33":{"start":{"line":60,"column":6},"end":{"line":60,"column":null}},"34":{"start":{"line":63,"column":4},"end":{"line":63,"column":null}},"35":{"start":{"line":66,"column":22},"end":{"line":70,"column":null}},"36":{"start":{"line":67,"column":4},"end":{"line":68,"column":32}},"37":{"start":{"line":68,"column":6},"end":{"line":68,"column":32}},"38":{"start":{"line":72,"column":2},"end":{"line":77,"column":null}},"39":{"start":{"line":73,"column":4},"end":{"line":76,"column":null}},"40":{"start":{"line":74,"column":6},"end":{"line":74,"column":null}},"41":{"start":{"line":75,"column":6},"end":{"line":75,"column":null}},"42":{"start":{"line":79,"column":2},"end":{"line":85,"column":null}},"43":{"start":{"line":80,"column":4},"end":{"line":80,"column":null}},"44":{"start":{"line":82,"column":4},"end":{"line":84,"column":null}},"45":{"start":{"line":83,"column":6},"end":{"line":83,"column":null}}},"fnMap":{"0":{"name":"Board","decl":{"start":{"line":9,"column":24},"end":{"line":9,"column":null}},"loc":{"start":{"line":9,"column":24},"end":{"line":97,"column":null}}},"1":{"name":"(anonymous_3)","decl":{"start":{"line":14,"column":4},"end":{"line":14,"column":5}},"loc":{"start":{"line":14,"column":5},"end":{"line":32,"column":null}}},"2":{"name":"(anonymous_4)","decl":{"start":{"line":37,"column":4},"end":{"line":37,"column":5}},"loc":{"start":{"line":37,"column":35},"end":{"line":51,"column":null}}},"3":{"name":"(anonymous_5)","decl":{"start":{"line":55,"column":21},"end":{"line":55,"column":null}},"loc":{"start":{"line":55,"column":21},"end":{"line":64,"column":null}}},"4":{"name":"(anonymous_6)","decl":{"start":{"line":66,"column":22},"end":{"line":66,"column":null}},"loc":{"start":{"line":66,"column":22},"end":{"line":70,"column":null}}},"5":{"name":"(anonymous_7)","decl":{"start":{"line":67,"column":26},"end":{"line":67,"column":27}},"loc":{"start":{"line":68,"column":6},"end":{"line":68,"column":32}}},"6":{"name":"(anonymous_8)","decl":{"start":{"line":72,"column":12},"end":{"line":72,"column":null}},"loc":{"start":{"line":72,"column":12},"end":{"line":77,"column":5}}},"7":{"name":"(anonymous_9)","decl":{"start":{"line":79,"column":12},"end":{"line":79,"column":null}},"loc":{"start":{"line":79,"column":12},"end":{"line":85,"column":5}}},"8":{"name":"(anonymous_10)","decl":{"start":{"line":82,"column":11},"end":{"line":82,"column":null}},"loc":{"start":{"line":82,"column":11},"end":{"line":84,"column":null}}}},"branchMap":{"0":{"loc":{"start":{"line":18,"column":6},"end":{"line":31,"column":null}},"type":"switch","locations":[{"start":{"line":19,"column":8},"end":{"line":21,"column":null}},{"start":{"line":22,"column":8},"end":{"line":24,"column":null}},{"start":{"line":25,"column":8},"end":{"line":27,"column":null}},{"start":{"line":28,"column":8},"end":{"line":30,"column":null}}]},"1":{"loc":{"start":{"line":38,"column":6},"end":{"line":50,"column":null}},"type":"if","locations":[{"start":{"line":38,"column":6},"end":{"line":50,"column":null}},{"start":{"line":44,"column":13},"end":{"line":50,"column":null}}]},"2":{"loc":{"start":{"line":39,"column":8},"end":{"line":43,"column":null}},"type":"if","locations":[{"start":{"line":39,"column":8},"end":{"line":43,"column":null}},{"start":{"line":41,"column":15},"end":{"line":43,"column":null}}]},"3":{"loc":{"start":{"line":45,"column":8},"end":{"line":49,"column":null}},"type":"if","locations":[{"start":{"line":45,"column":8},"end":{"line":49,"column":null}},{"start":{"line":47,"column":15},"end":{"line":49,"column":null}}]},"4":{"loc":{"start":{"line":73,"column":4},"end":{"line":76,"column":null}},"type":"if","locations":[{"start":{"line":73,"column":4},"end":{"line":76,"column":null}}]},"5":{"loc":{"start":{"line":90,"column":9},"end":{"line":90,"column":29}},"type":"binary-expr","locations":[{"start":{"line":90,"column":9},"end":{"line":90,"column":29}}]},"6":{"loc":{"start":{"line":91,"column":9},"end":{"line":91,"column":30}},"type":"binary-expr","locations":[{"start":{"line":91,"column":9},"end":{"line":91,"column":30}}]}},"s":{"0":8,"1":3,"2":3,"3":3,"4":3,"5":3,"6":3,"7":18,"8":18,"9":18,"10":2,"11":2,"12":2,"13":2,"14":0,"15":0,"16":0,"17":0,"18":0,"19":0,"20":18,"21":0,"22":0,"23":0,"24":0,"25":0,"26":0,"27":0,"28":18,"29":18,"30":18,"31":18,"32":18,"33":288,"34":18,"35":18,"36":18,"37":20,"38":18,"39":18,"40":8,"41":8,"42":18,"43":8,"44":8,"45":8},"f":{"0":18,"1":2,"2":0,"3":18,"4":18,"5":20,"6":18,"7":8,"8":8},"b":{"0":[2,0,0,0],"1":[0,0],"2":[0,0],"3":[0,0],"4":[8],"5":[18],"6":[18]}}
,"/home/ali/Dev/External/react-2048/components/mobile-swiper.tsx": {"path":"/home/ali/Dev/External/react-2048/components/mobile-swiper.tsx","statementMap":{"0":{"start":{"line":15,"column":24},"end":{"line":15,"column":37}},"1":{"start":{"line":7,"column":7},"end":{"line":7,"column":null}},"2":{"start":{"line":16,"column":21},"end":{"line":16,"column":null}},"3":{"start":{"line":17,"column":30},"end":{"line":17,"column":null}},"4":{"start":{"line":18,"column":30},"end":{"line":18,"column":null}},"5":{"start":{"line":20,"column":27},"end":{"line":29,"column":null}},"6":{"start":{"line":21,"column":4},"end":{"line":23,"column":null}},"7":{"start":{"line":22,"column":6},"end":{"line":22,"column":null}},"8":{"start":{"line":25,"column":4},"end":{"line":25,"column":null}},"9":{"start":{"line":27,"column":4},"end":{"line":27,"column":null}},"10":{"start":{"line":28,"column":4},"end":{"line":28,"column":null}},"11":{"start":{"line":31,"column":25},"end":{"line":49,"column":null}},"12":{"start":{"line":33,"column":6},"end":{"line":35,"column":null}},"13":{"start":{"line":34,"column":8},"end":{"line":34,"column":null}},"14":{"start":{"line":37,"column":6},"end":{"line":37,"column":null}},"15":{"start":{"line":39,"column":19},"end":{"line":39,"column":46}},"16":{"start":{"line":40,"column":19},"end":{"line":40,"column":46}},"17":{"start":{"line":41,"column":21},"end":{"line":41,"column":null}},"18":{"start":{"line":42,"column":21},"end":{"line":42,"column":null}},"19":{"start":{"line":44,"column":6},"end":{"line":44,"column":null}},"20":{"start":{"line":46,"column":6},"end":{"line":46,"column":null}},"21":{"start":{"line":47,"column":6},"end":{"line":47,"column":null}},"22":{"start":{"line":52,"column":2},"end":{"line":60,"column":null}},"23":{"start":{"line":53,"column":4},"end":{"line":53,"column":null}},"24":{"start":{"line":54,"column":4},"end":{"line":54,"column":null}},"25":{"start":{"line":56,"column":4},"end":{"line":59,"column":null}},"26":{"start":{"line":57,"column":6},"end":{"line":57,"column":null}},"27":{"start":{"line":58,"column":6},"end":{"line":58,"column":null}}},"fnMap":{"0":{"name":"MobileSwiper","decl":{"start":{"line":15,"column":24},"end":{"line":15,"column":37}},"loc":{"start":{"line":15,"column":77},"end":{"line":63,"column":null}}},"1":{"name":"(anonymous_2)","decl":{"start":{"line":20,"column":39},"end":{"line":20,"column":40}},"loc":{"start":{"line":20,"column":40},"end":{"line":29,"column":5}}},"2":{"name":"(anonymous_3)","decl":{"start":{"line":32,"column":4},"end":{"line":32,"column":5}},"loc":{"start":{"line":32,"column":5},"end":{"line":48,"column":null}}},"3":{"name":"(anonymous_4)","decl":{"start":{"line":52,"column":12},"end":{"line":52,"column":null}},"loc":{"start":{"line":52,"column":12},"end":{"line":60,"column":5}}},"4":{"name":"(anonymous_5)","decl":{"start":{"line":56,"column":11},"end":{"line":56,"column":null}},"loc":{"start":{"line":56,"column":11},"end":{"line":59,"column":null}}}},"branchMap":{"0":{"loc":{"start":{"line":21,"column":4},"end":{"line":23,"column":null}},"type":"if","locations":[{"start":{"line":21,"column":4},"end":{"line":23,"column":null}}]},"1":{"loc":{"start":{"line":33,"column":6},"end":{"line":35,"column":null}},"type":"if","locations":[{"start":{"line":33,"column":6},"end":{"line":35,"column":null}}]}},"s":{"0":20,"1":4,"2":20,"3":20,"4":20,"5":20,"6":2,"7":0,"8":2,"9":2,"10":2,"11":20,"12":2,"13":1,"14":1,"15":1,"16":1,"17":1,"18":1,"19":1,"20":1,"21":1,"22":20,"23":10,"24":10,"25":10,"26":10,"27":10},"f":{"0":20,"1":2,"2":2,"3":10,"4":10},"b":{"0":[0],"1":[1]}}
,"/home/ali/Dev/External/react-2048/components/score.tsx": {"path":"/home/ali/Dev/External/react-2048/components/score.tsx","statementMap":{"0":{"start":{"line":5,"column":24},"end":{"line":5,"column":null}},"1":{"start":{"line":1,"column":28},"end":{"line":1,"column":null}},"2":{"start":{"line":2,"column":19},"end":{"line":2,"column":null}},"3":{"start":{"line":3,"column":27},"end":{"line":3,"column":null}},"4":{"start":{"line":6,"column":20},"end":{"line":6,"column":null}}},"fnMap":{"0":{"name":"Score","decl":{"start":{"line":5,"column":24},"end":{"line":5,"column":null}},"loc":{"start":{"line":5,"column":24},"end":{"line":14,"column":null}}}},"branchMap":{},"s":{"0":3,"1":2,"2":2,"3":2,"4":7},"f":{"0":7},"b":{}}
,"/home/ali/Dev/External/react-2048/components/splash.tsx": {"path":"/home/ali/Dev/External/react-2048/components/splash.tsx","statementMap":{"0":{"start":{"line":5,"column":24},"end":{"line":5,"column":31}},"1":{"start":{"line":1,"column":28},"end":{"line":1,"column":null}},"2":{"start":{"line":2,"column":19},"end":{"line":2,"column":null}},"3":{"start":{"line":3,"column":27},"end":{"line":3,"column":null}},"4":{"start":{"line":6,"column":24},"end":{"line":6,"column":null}}},"fnMap":{"0":{"name":"Splash","decl":{"start":{"line":5,"column":24},"end":{"line":5,"column":31}},"loc":{"start":{"line":5,"column":66},"end":{"line":18,"column":null}}}},"branchMap":{"0":{"loc":{"start":{"line":5,"column":33},"end":{"line":5,"column":53}},"type":"default-arg","locations":[{"start":{"line":5,"column":43},"end":{"line":5,"column":53}}]},"1":{"loc":{"start":{"line":5,"column":55},"end":{"line":5,"column":64}},"type":"default-arg","locations":[{"start":{"line":5,"column":62},"end":{"line":5,"column":64}}]},"2":{"loc":{"start":{"line":9,"column":40},"end":{"line":9,"column":68}},"type":"binary-expr","locations":[{"start":{"line":9,"column":40},"end":{"line":9,"column":58}},{"start":{"line":9,"column":58},"end":{"line":9,"column":68}}]}},"s":{"0":0,"1":3,"2":3,"3":3,"4":0},"f":{"0":0},"b":{"0":[0],"1":[0],"2":[0,0]}}
,"/home/ali/Dev/External/react-2048/components/tile.tsx": {"path":"/home/ali/Dev/External/react-2048/components/tile.tsx","statementMap":{"0":{"start":{"line":13,"column":24},"end":{"line":13,"column":29}},"1":{"start":{"line":1,"column":36},"end":{"line":1,"column":null}},"2":{"start":{"line":2,"column":30},"end":{"line":2,"column":null}},"3":{"start":{"line":8,"column":7},"end":{"line":8,"column":null}},"4":{"start":{"line":10,"column":19},"end":{"line":10,"column":null}},"5":{"start":{"line":11,"column":29},"end":{"line":11,"column":null}},"6":{"start":{"line":14,"column":23},"end":{"line":14,"column":null}},"7":{"start":{"line":15,"column":25},"end":{"line":17,"column":26}},"8":{"start":{"line":19,"column":28},"end":{"line":19,"column":null}},"9":{"start":{"line":20,"column":24},"end":{"line":20,"column":null}},"10":{"start":{"line":21,"column":21},"end":{"line":21,"column":null}},"11":{"start":{"line":23,"column":27},"end":{"line":24,"column":null}},"12":{"start":{"line":24,"column":4},"end":{"line":24,"column":null}},"13":{"start":{"line":26,"column":2},"end":{"line":31,"column":null}},"14":{"start":{"line":27,"column":4},"end":{"line":30,"column":null}},"15":{"start":{"line":28,"column":6},"end":{"line":28,"column":null}},"16":{"start":{"line":29,"column":6},"end":{"line":29,"column":null}},"17":{"start":{"line":29,"column":23},"end":{"line":29,"column":36}},"18":{"start":{"line":33,"column":16},"end":{"line":38,"column":null}}},"fnMap":{"0":{"name":"Tile","decl":{"start":{"line":13,"column":24},"end":{"line":13,"column":29}},"loc":{"start":{"line":13,"column":59},"end":{"line":45,"column":null}}},"1":{"name":"(anonymous_3)","decl":{"start":{"line":23,"column":27},"end":{"line":23,"column":28}},"loc":{"start":{"line":24,"column":4},"end":{"line":24,"column":null}}},"2":{"name":"(anonymous_4)","decl":{"start":{"line":26,"column":12},"end":{"line":26,"column":null}},"loc":{"start":{"line":26,"column":12},"end":{"line":31,"column":5}}},"3":{"name":"(anonymous_5)","decl":{"start":{"line":29,"column":17},"end":{"line":29,"column":23}},"loc":{"start":{"line":29,"column":23},"end":{"line":29,"column":36}}}},"branchMap":{"0":{"loc":{"start":{"line":15,"column":25},"end":{"line":17,"column":26}},"type":"cond-expr","locations":[{"start":{"line":16,"column":6},"end":{"line":16,"column":27}},{"start":{"line":17,"column":6},"end":{"line":17,"column":26}}]},"1":{"loc":{"start":{"line":27,"column":4},"end":{"line":30,"column":null}},"type":"if","locations":[{"start":{"line":27,"column":4},"end":{"line":30,"column":null}}]}},"s":{"0":23,"1":4,"2":4,"3":4,"4":4,"5":4,"6":44,"7":44,"8":44,"9":44,"10":44,"11":44,"12":88,"13":44,"14":40,"15":21,"16":21,"17":2,"18":44},"f":{"0":44,"1":88,"2":40,"3":2},"b":{"0":[0,44],"1":[21]}}
,"/home/ali/Dev/External/react-2048/context/game-context.tsx": {"path":"/home/ali/Dev/External/react-2048/context/game-context.tsx","statementMap":{"0":{"start":{"line":19,"column":13},"end":{"line":19,"column":24}},"1":{"start":{"line":27,"column":24},"end":{"line":27,"column":37}},"2":{"start":{"line":7,"column":7},"end":{"line":7,"column":null}},"3":{"start":{"line":13,"column":7},"end":{"line":13,"column":null}},"4":{"start":{"line":15,"column":42},"end":{"line":15,"column":null}},"5":{"start":{"line":19,"column":27},"end":{"line":25,"column":null}},"6":{"start":{"line":23,"column":18},"end":{"line":23,"column":20}},"7":{"start":{"line":28,"column":32},"end":{"line":28,"column":null}},"8":{"start":{"line":30,"column":24},"end":{"line":41,"column":null}},"9":{"start":{"line":31,"column":40},"end":{"line":31,"column":42}},"10":{"start":{"line":33,"column":4},"end":{"line":39,"column":null}},"11":{"start":{"line":33,"column":17},"end":{"line":33,"column":20}},"12":{"start":{"line":34,"column":6},"end":{"line":38,"column":null}},"13":{"start":{"line":34,"column":19},"end":{"line":34,"column":22}},"14":{"start":{"line":35,"column":8},"end":{"line":37,"column":null}},"15":{"start":{"line":36,"column":10},"end":{"line":36,"column":null}},"16":{"start":{"line":40,"column":4},"end":{"line":40,"column":null}},"17":{"start":{"line":43,"column":27},"end":{"line":53,"column":null}},"18":{"start":{"line":44,"column":23},"end":{"line":44,"column":null}},"19":{"start":{"line":45,"column":4},"end":{"line":52,"column":null}},"20":{"start":{"line":46,"column":24},"end":{"line":46,"column":null}},"21":{"start":{"line":47,"column":22},"end":{"line":50,"column":null}},"22":{"start":{"line":51,"column":6},"end":{"line":51,"column":null}},"23":{"start":{"line":55,"column":19},"end":{"line":57,"column":null}},"24":{"start":{"line":56,"column":4},"end":{"line":56,"column":null}},"25":{"start":{"line":56,"column":48},"end":{"line":56,"column":71}},"26":{"start":{"line":59,"column":20},"end":{"line":65,"column":null}},"27":{"start":{"line":61,"column":31},"end":{"line":61,"column":null}},"28":{"start":{"line":68,"column":20},"end":{"line":72,"column":null}},"29":{"start":{"line":69,"column":4},"end":{"line":69,"column":null}},"30":{"start":{"line":70,"column":4},"end":{"line":70,"column":null}},"31":{"start":{"line":71,"column":4},"end":{"line":71,"column":null}},"32":{"start":{"line":74,"column":25},"end":{"line":108,"column":null}},"33":{"start":{"line":76,"column":6},"end":{"line":77,"column":null}},"34":{"start":{"line":76,"column":51},"end":{"line":76,"column":79}},"35":{"start":{"line":79,"column":4},"end":{"line":82,"column":null}},"36":{"start":{"line":80,"column":6},"end":{"line":80,"column":null}},"37":{"start":{"line":81,"column":6},"end":{"line":81,"column":null}},"38":{"start":{"line":84,"column":29},"end":{"line":84,"column":null}},"39":{"start":{"line":86,"column":21},"end":{"line":86,"column":null}},"40":{"start":{"line":87,"column":4},"end":{"line":105,"column":null}},"41":{"start":{"line":87,"column":17},"end":{"line":87,"column":20}},"42":{"start":{"line":88,"column":6},"end":{"line":104,"column":null}},"43":{"start":{"line":88,"column":19},"end":{"line":88,"column":22}},"44":{"start":{"line":89,"column":8},"end":{"line":95,"column":null}},"45":{"start":{"line":94,"column":10},"end":{"line":94,"column":null}},"46":{"start":{"line":97,"column":8},"end":{"line":99,"column":null}},"47":{"start":{"line":98,"column":10},"end":{"line":98,"column":null}},"48":{"start":{"line":101,"column":8},"end":{"line":103,"column":null}},"49":{"start":{"line":102,"column":10},"end":{"line":102,"column":null}},"50":{"start":{"line":107,"column":4},"end":{"line":107,"column":null}},"51":{"start":{"line":110,"column":2},"end":{"line":117,"column":null}},"52":{"start":{"line":111,"column":4},"end":{"line":116,"column":null}},"53":{"start":{"line":112,"column":6},"end":{"line":115,"column":null}},"54":{"start":{"line":113,"column":8},"end":{"line":113,"column":null}},"55":{"start":{"line":114,"column":8},"end":{"line":114,"column":null}},"56":{"start":{"line":119,"column":2},"end":{"line":123,"column":null}},"57":{"start":{"line":120,"column":4},"end":{"line":122,"column":null}},"58":{"start":{"line":121,"column":6},"end":{"line":121,"column":null}}},"fnMap":{"0":{"name":"(anonymous_7)","decl":{"start":{"line":22,"column":13},"end":{"line":22,"column":14}},"loc":{"start":{"line":22,"column":14},"end":{"line":22,"column":null}}},"1":{"name":"(anonymous_8)","decl":{"start":{"line":23,"column":12},"end":{"line":23,"column":18}},"loc":{"start":{"line":23,"column":18},"end":{"line":23,"column":20}}},"2":{"name":"(anonymous_9)","decl":{"start":{"line":24,"column":13},"end":{"line":24,"column":20}},"loc":{"start":{"line":24,"column":13},"end":{"line":24,"column":null}}},"3":{"name":"GameProvider","decl":{"start":{"line":27,"column":24},"end":{"line":27,"column":37}},"loc":{"start":{"line":27,"column":68},"end":{"line":138,"column":1}}},"4":{"name":"(anonymous_11)","decl":{"start":{"line":30,"column":24},"end":{"line":30,"column":null}},"loc":{"start":{"line":30,"column":24},"end":{"line":41,"column":null}}},"5":{"name":"(anonymous_12)","decl":{"start":{"line":43,"column":27},"end":{"line":43,"column":null}},"loc":{"start":{"line":43,"column":27},"end":{"line":53,"column":null}}},"6":{"name":"(anonymous_13)","decl":{"start":{"line":55,"column":19},"end":{"line":55,"column":null}},"loc":{"start":{"line":55,"column":19},"end":{"line":57,"column":null}}},"7":{"name":"(anonymous_14)","decl":{"start":{"line":56,"column":36},"end":{"line":56,"column":37}},"loc":{"start":{"line":56,"column":48},"end":{"line":56,"column":71}}},"8":{"name":"(anonymous_15)","decl":{"start":{"line":61,"column":6},"end":{"line":61,"column":7}},"loc":{"start":{"line":61,"column":31},"end":{"line":61,"column":null}}},"9":{"name":"(anonymous_16)","decl":{"start":{"line":68,"column":20},"end":{"line":68,"column":null}},"loc":{"start":{"line":68,"column":20},"end":{"line":72,"column":null}}},"10":{"name":"(anonymous_17)","decl":{"start":{"line":74,"column":25},"end":{"line":74,"column":null}},"loc":{"start":{"line":74,"column":25},"end":{"line":108,"column":null}}},"11":{"name":"(anonymous_18)","decl":{"start":{"line":76,"column":44},"end":{"line":76,"column":45}},"loc":{"start":{"line":76,"column":51},"end":{"line":76,"column":79}}},"12":{"name":"(anonymous_19)","decl":{"start":{"line":110,"column":12},"end":{"line":110,"column":null}},"loc":{"start":{"line":110,"column":12},"end":{"line":117,"column":5}}},"13":{"name":"(anonymous_20)","decl":{"start":{"line":112,"column":17},"end":{"line":112,"column":null}},"loc":{"start":{"line":112,"column":17},"end":{"line":115,"column":9}}},"14":{"name":"(anonymous_21)","decl":{"start":{"line":119,"column":12},"end":{"line":119,"column":null}},"loc":{"start":{"line":119,"column":12},"end":{"line":123,"column":5}}}},"branchMap":{"0":{"loc":{"start":{"line":35,"column":8},"end":{"line":37,"column":null}},"type":"if","locations":[{"start":{"line":35,"column":8},"end":{"line":37,"column":null}}]},"1":{"loc":{"start":{"line":45,"column":4},"end":{"line":52,"column":null}},"type":"if","locations":[{"start":{"line":45,"column":4},"end":{"line":52,"column":null}}]},"2":{"loc":{"start":{"line":79,"column":4},"end":{"line":82,"column":null}},"type":"if","locations":[{"start":{"line":79,"column":4},"end":{"line":82,"column":null}}]},"3":{"loc":{"start":{"line":89,"column":8},"end":{"line":95,"column":null}},"type":"if","locations":[{"start":{"line":89,"column":8},"end":{"line":95,"column":null}}]},"4":{"loc":{"start":{"line":90,"column":10},"end":{"line":92,"column":null}},"type":"binary-expr","locations":[{"start":{"line":90,"column":10},"end":{"line":90,"column":null}},{"start":{"line":91,"column":10},"end":{"line":91,"column":null}},{"start":{"line":92,"column":10},"end":{"line":92,"column":null}}]},"5":{"loc":{"start":{"line":97,"column":8},"end":{"line":99,"column":null}},"type":"if","locations":[{"start":{"line":97,"column":8},"end":{"line":99,"column":null}}]},"6":{"loc":{"start":{"line":101,"column":8},"end":{"line":103,"column":null}},"type":"if","locations":[{"start":{"line":101,"column":8},"end":{"line":103,"column":null}}]},"7":{"loc":{"start":{"line":111,"column":4},"end":{"line":116,"column":null}},"type":"if","locations":[{"start":{"line":111,"column":4},"end":{"line":116,"column":null}}]},"8":{"loc":{"start":{"line":120,"column":4},"end":{"line":122,"column":null}},"type":"if","locations":[{"start":{"line":120,"column":4},"end":{"line":122,"column":null}}]}},"s":{"0":25,"1":8,"2":3,"3":3,"4":3,"5":3,"6":0,"7":18,"8":18,"9":0,"10":0,"11":0,"12":0,"13":0,"14":0,"15":0,"16":0,"17":18,"18":0,"19":0,"20":0,"21":0,"22":0,"23":18,"24":18,"25":20,"26":18,"27":2,"28":18,"29":8,"30":8,"31":8,"32":18,"33":8,"34":0,"35":8,"36":0,"37":0,"38":8,"39":8,"40":8,"41":8,"42":8,"43":8,"44":8,"45":8,"46":0,"47":0,"48":0,"49":0,"50":0,"51":18,"52":10,"53":2,"54":0,"55":0,"56":18,"57":10,"58":8},"f":{"0":0,"1":0,"2":0,"3":18,"4":0,"5":0,"6":18,"7":20,"8":2,"9":8,"10":8,"11":0,"12":10,"13":0,"14":10},"b":{"0":[0],"1":[0],"2":[0],"3":[8],"4":[8,0,0],"5":[0],"6":[0],"7":[2],"8":[8]}}
,"/home/ali/Dev/External/react-2048/hooks/use-previous-props.ts": {"path":"/home/ali/Dev/External/react-2048/hooks/use-previous-props.ts","statementMap":{"0":{"start":{"line":3,"column":24},"end":{"line":3,"column":50}},"1":{"start":{"line":1,"column":34},"end":{"line":1,"column":null}},"2":{"start":{"line":4,"column":14},"end":{"line":4,"column":null}},"3":{"start":{"line":6,"column":2},"end":{"line":8,"column":null}},"4":{"start":{"line":7,"column":4},"end":{"line":7,"column":null}},"5":{"start":{"line":10,"column":2},"end":{"line":10,"column":null}}},"fnMap":{"0":{"name":"usePreviousProps","decl":{"start":{"line":3,"column":24},"end":{"line":3,"column":50}},"loc":{"start":{"line":3,"column":58},"end":{"line":11,"column":null}}},"1":{"name":"(anonymous_2)","decl":{"start":{"line":6,"column":12},"end":{"line":6,"column":null}},"loc":{"start":{"line":6,"column":12},"end":{"line":8,"column":null}}}},"branchMap":{},"s":{"0":47,"1":5,"2":47,"3":47,"4":47,"5":47},"f":{"0":47,"1":47},"b":{}}
,"/home/ali/Dev/External/react-2048/reducers/game-reducer.ts": {"path":"/home/ali/Dev/External/react-2048/reducers/game-reducer.ts","statementMap":{"0":{"start":{"line":45,"column":24},"end":{"line":45,"column":null}},"1":{"start":{"line":36,"column":13},"end":{"line":36,"column":25}},"2":{"start":{"line":2,"column":20},"end":{"line":2,"column":null}},"3":{"start":{"line":3,"column":38},"end":{"line":3,"column":null}},"4":{"start":{"line":27,"column":28},"end":{"line":27,"column":30}},"5":{"start":{"line":29,"column":2},"end":{"line":31,"column":null}},"6":{"start":{"line":29,"column":15},"end":{"line":29,"column":18}},"7":{"start":{"line":30,"column":4},"end":{"line":30,"column":null}},"8":{"start":{"line":33,"column":2},"end":{"line":33,"column":null}},"9":{"start":{"line":36,"column":35},"end":{"line":43,"column":null}},"10":{"start":{"line":49,"column":2},"end":{"line":305,"column":null}},"11":{"start":{"line":51,"column":27},"end":{"line":51,"column":null}},"12":{"start":{"line":52,"column":32},"end":{"line":63,"column":null}},"13":{"start":{"line":54,"column":10},"end":{"line":56,"column":null}},"14":{"start":{"line":55,"column":12},"end":{"line":55,"column":null}},"15":{"start":{"line":58,"column":10},"end":{"line":61,"column":null}},"16":{"start":{"line":66,"column":6},"end":{"line":71,"column":null}},"17":{"start":{"line":74,"column":21},"end":{"line":74,"column":null}},"18":{"start":{"line":75,"column":21},"end":{"line":75,"column":41}},"19":{"start":{"line":76,"column":23},"end":{"line":76,"column":null}},"20":{"start":{"line":77,"column":6},"end":{"line":77,"column":null}},"21":{"start":{"line":79,"column":6},"end":{"line":90,"column":null}},"22":{"start":{"line":93,"column":23},"end":{"line":93,"column":null}},"23":{"start":{"line":94,"column":32},"end":{"line":94,"column":null}},"24":{"start":{"line":95,"column":23},"end":{"line":95,"column":null}},"25":{"start":{"line":96,"column":22},"end":{"line":96,"column":null}},"26":{"start":{"line":98,"column":6},"end":{"line":134,"column":null}},"27":{"start":{"line":98,"column":19},"end":{"line":98,"column":22}},"28":{"start":{"line":99,"column":19},"end":{"line":99,"column":null}},"29":{"start":{"line":102,"column":8},"end":{"line":133,"column":null}},"30":{"start":{"line":102,"column":21},"end":{"line":102,"column":24}},"31":{"start":{"line":103,"column":25},"end":{"line":103,"column":42}},"32":{"start":{"line":104,"column":30},"end":{"line":104,"column":49}},"33":{"start":{"line":106,"column":10},"end":{"line":132,"column":null}},"34":{"start":{"line":107,"column":12},"end":{"line":120,"column":null}},"35":{"start":{"line":108,"column":14},"end":{"line":108,"column":null}},"36":{"start":{"line":109,"column":14},"end":{"line":112,"column":null}},"37":{"start":{"line":113,"column":14},"end":{"line":116,"column":null}},"38":{"start":{"line":117,"column":14},"end":{"line":117,"column":null}},"39":{"start":{"line":118,"column":14},"end":{"line":118,"column":null}},"40":{"start":{"line":119,"column":14},"end":{"line":119,"column":null}},"41":{"start":{"line":122,"column":12},"end":{"line":122,"column":null}},"42":{"start":{"line":123,"column":12},"end":{"line":126,"column":null}},"43":{"start":{"line":127,"column":12},"end":{"line":127,"column":null}},"44":{"start":{"line":128,"column":12},"end":{"line":130,"column":null}},"45":{"start":{"line":129,"column":14},"end":{"line":129,"column":null}},"46":{"start":{"line":131,"column":12},"end":{"line":131,"column":null}},"47":{"start":{"line":135,"column":6},"end":{"line":141,"column":null}},"48":{"start":{"line":144,"column":23},"end":{"line":144,"column":null}},"49":{"start":{"line":145,"column":32},"end":{"line":145,"column":null}},"50":{"start":{"line":146,"column":23},"end":{"line":146,"column":null}},"51":{"start":{"line":147,"column":22},"end":{"line":147,"column":null}},"52":{"start":{"line":149,"column":6},"end":{"line":185,"column":null}},"53":{"start":{"line":149,"column":19},"end":{"line":149,"column":22}},"54":{"start":{"line":150,"column":19},"end":{"line":150,"column":null}},"55":{"start":{"line":153,"column":8},"end":{"line":184,"column":null}},"56":{"start":{"line":153,"column":21},"end":{"line":153,"column":48}},"57":{"start":{"line":154,"column":25},"end":{"line":154,"column":42}},"58":{"start":{"line":155,"column":30},"end":{"line":155,"column":49}},"59":{"start":{"line":157,"column":10},"end":{"line":183,"column":null}},"60":{"start":{"line":158,"column":12},"end":{"line":171,"column":null}},"61":{"start":{"line":159,"column":14},"end":{"line":159,"column":null}},"62":{"start":{"line":160,"column":14},"end":{"line":163,"column":null}},"63":{"start":{"line":164,"column":14},"end":{"line":167,"column":null}},"64":{"start":{"line":168,"column":14},"end":{"line":168,"column":null}},"65":{"start":{"line":169,"column":14},"end":{"line":169,"column":null}},"66":{"start":{"line":170,"column":14},"end":{"line":170,"column":null}},"67":{"start":{"line":173,"column":12},"end":{"line":173,"column":null}},"68":{"start":{"line":174,"column":12},"end":{"line":177,"column":null}},"69":{"start":{"line":178,"column":12},"end":{"line":178,"column":null}},"70":{"start":{"line":179,"column":12},"end":{"line":181,"column":null}},"71":{"start":{"line":180,"column":14},"end":{"line":180,"column":null}},"72":{"start":{"line":182,"column":12},"end":{"line":182,"column":null}},"73":{"start":{"line":186,"column":6},"end":{"line":192,"column":null}},"74":{"start":{"line":195,"column":23},"end":{"line":195,"column":null}},"75":{"start":{"line":196,"column":32},"end":{"line":196,"column":null}},"76":{"start":{"line":197,"column":23},"end":{"line":197,"column":null}},"77":{"start":{"line":198,"column":22},"end":{"line":198,"column":null}},"78":{"start":{"line":200,"column":6},"end":{"line":236,"column":null}},"79":{"start":{"line":200,"column":19},"end":{"line":200,"column":22}},"80":{"start":{"line":201,"column":19},"end":{"line":201,"column":null}},"81":{"start":{"line":204,"column":8},"end":{"line":235,"column":null}},"82":{"start":{"line":204,"column":21},"end":{"line":204,"column":24}},"83":{"start":{"line":205,"column":25},"end":{"line":205,"column":42}},"84":{"start":{"line":206,"column":30},"end":{"line":206,"column":49}},"85":{"start":{"line":208,"column":10},"end":{"line":234,"column":null}},"86":{"start":{"line":209,"column":12},"end":{"line":222,"column":null}},"87":{"start":{"line":210,"column":14},"end":{"line":210,"column":null}},"88":{"start":{"line":211,"column":14},"end":{"line":214,"column":null}},"89":{"start":{"line":215,"column":14},"end":{"line":218,"column":null}},"90":{"start":{"line":219,"column":14},"end":{"line":219,"column":null}},"91":{"start":{"line":220,"column":14},"end":{"line":220,"column":null}},"92":{"start":{"line":221,"column":14},"end":{"line":221,"column":null}},"93":{"start":{"line":224,"column":12},"end":{"line":224,"column":null}},"94":{"start":{"line":225,"column":12},"end":{"line":228,"column":null}},"95":{"start":{"line":229,"column":12},"end":{"line":229,"column":null}},"96":{"start":{"line":230,"column":12},"end":{"line":232,"column":null}},"97":{"start":{"line":231,"column":14},"end":{"line":231,"column":null}},"98":{"start":{"line":233,"column":12},"end":{"line":233,"column":null}},"99":{"start":{"line":237,"column":6},"end":{"line":243,"column":null}},"100":{"start":{"line":246,"column":23},"end":{"line":246,"column":null}},"101":{"start":{"line":247,"column":32},"end":{"line":247,"column":null}},"102":{"start":{"line":248,"column":23},"end":{"line":248,"column":null}},"103":{"start":{"line":249,"column":22},"end":{"line":249,"column":null}},"104":{"start":{"line":251,"column":6},"end":{"line":287,"column":null}},"105":{"start":{"line":251,"column":19},"end":{"line":251,"column":22}},"106":{"start":{"line":252,"column":19},"end":{"line":252,"column":null}},"107":{"start":{"line":255,"column":8},"end":{"line":286,"column":null}},"108":{"start":{"line":255,"column":21},"end":{"line":255,"column":48}},"109":{"start":{"line":256,"column":25},"end":{"line":256,"column":42}},"110":{"start":{"line":257,"column":30},"end":{"line":257,"column":49}},"111":{"start":{"line":259,"column":10},"end":{"line":285,"column":null}},"112":{"start":{"line":260,"column":12},"end":{"line":273,"column":null}},"113":{"start":{"line":261,"column":14},"end":{"line":261,"column":null}},"114":{"start":{"line":262,"column":14},"end":{"line":265,"column":null}},"115":{"start":{"line":266,"column":14},"end":{"line":269,"column":null}},"116":{"start":{"line":270,"column":14},"end":{"line":270,"column":null}},"117":{"start":{"line":271,"column":14},"end":{"line":271,"column":null}},"118":{"start":{"line":272,"column":14},"end":{"line":272,"column":null}},"119":{"start":{"line":275,"column":12},"end":{"line":275,"column":null}},"120":{"start":{"line":276,"column":12},"end":{"line":279,"column":null}},"121":{"start":{"line":280,"column":12},"end":{"line":280,"column":null}},"122":{"start":{"line":281,"column":12},"end":{"line":283,"column":null}},"123":{"start":{"line":282,"column":14},"end":{"line":282,"column":null}},"124":{"start":{"line":284,"column":12},"end":{"line":284,"column":null}},"125":{"start":{"line":288,"column":6},"end":{"line":294,"column":null}},"126":{"start":{"line":297,"column":6},"end":{"line":297,"column":null}},"127":{"start":{"line":299,"column":6},"end":{"line":302,"column":null}},"128":{"start":{"line":304,"column":6},"end":{"line":304,"column":null}}},"fnMap":{"0":{"name":"createBoard","decl":{"start":{"line":26,"column":9},"end":{"line":26,"column":null}},"loc":{"start":{"line":26,"column":9},"end":{"line":34,"column":null}}},"1":{"name":"gameReducer","decl":{"start":{"line":45,"column":24},"end":{"line":45,"column":null}},"loc":{"start":{"line":47,"column":16},"end":{"line":306,"column":1}}},"2":{"name":"(anonymous_6)","decl":{"start":{"line":53,"column":8},"end":{"line":53,"column":9}},"loc":{"start":{"line":53,"column":17},"end":{"line":62,"column":null}}}},"branchMap":{"0":{"loc":{"start":{"line":46,"column":2},"end":{"line":46,"column":29}},"type":"default-arg","locations":[{"start":{"line":46,"column":17},"end":{"line":46,"column":29}}]},"1":{"loc":{"start":{"line":49,"column":2},"end":{"line":305,"column":null}},"type":"switch","locations":[{"start":{"line":50,"column":4},"end":{"line":72,"column":null}},{"start":{"line":73,"column":4},"end":{"line":91,"column":null}},{"start":{"line":92,"column":4},"end":{"line":142,"column":null}},{"start":{"line":143,"column":4},"end":{"line":193,"column":null}},{"start":{"line":194,"column":4},"end":{"line":244,"column":null}},{"start":{"line":245,"column":4},"end":{"line":295,"column":null}},{"start":{"line":296,"column":4},"end":{"line":297,"column":null}},{"start":{"line":298,"column":4},"end":{"line":302,"column":null}},{"start":{"line":303,"column":4},"end":{"line":304,"column":null}}]},"2":{"loc":{"start":{"line":54,"column":10},"end":{"line":56,"column":null}},"type":"if","locations":[{"start":{"line":54,"column":10},"end":{"line":56,"column":null}}]},"3":{"loc":{"start":{"line":106,"column":10},"end":{"line":132,"column":null}},"type":"if","locations":[{"start":{"line":106,"column":10},"end":{"line":132,"column":null}}]},"4":{"loc":{"start":{"line":107,"column":12},"end":{"line":120,"column":null}},"type":"if","locations":[{"start":{"line":107,"column":12},"end":{"line":120,"column":null}}]},"5":{"loc":{"start":{"line":128,"column":12},"end":{"line":130,"column":null}},"type":"if","locations":[{"start":{"line":128,"column":12},"end":{"line":130,"column":null}}]},"6":{"loc":{"start":{"line":157,"column":10},"end":{"line":183,"column":null}},"type":"if","locations":[{"start":{"line":157,"column":10},"end":{"line":183,"column":null}}]},"7":{"loc":{"start":{"line":158,"column":12},"end":{"line":171,"column":null}},"type":"if","locations":[{"start":{"line":158,"column":12},"end":{"line":171,"column":null}}]},"8":{"loc":{"start":{"line":179,"column":12},"end":{"line":181,"column":null}},"type":"if","locations":[{"start":{"line":179,"column":12},"end":{"line":181,"column":null}}]},"9":{"loc":{"start":{"line":208,"column":10},"end":{"line":234,"column":null}},"type":"if","locations":[{"start":{"line":208,"column":10},"end":{"line":234,"column":null}}]},"10":{"loc":{"start":{"line":209,"column":12},"end":{"line":222,"column":null}},"type":"if","locations":[{"start":{"line":209,"column":12},"end":{"line":222,"column":null}}]},"11":{"loc":{"start":{"line":230,"column":12},"end":{"line":232,"column":null}},"type":"if","locations":[{"start":{"line":230,"column":12},"end":{"line":232,"column":null}}]},"12":{"loc":{"start":{"line":259,"column":10},"end":{"line":285,"column":null}},"type":"if","locations":[{"start":{"line":259,"column":10},"end":{"line":285,"column":null}}]},"13":{"loc":{"start":{"line":260,"column":12},"end":{"line":273,"column":null}},"type":"if","locations":[{"start":{"line":260,"column":12},"end":{"line":273,"column":null}}]},"14":{"loc":{"start":{"line":281,"column":12},"end":{"line":283,"column":null}},"type":"if","locations":[{"start":{"line":281,"column":12},"end":{"line":283,"column":null}}]}},"s":{"0":75,"1":75,"2":4,"3":4,"4":25,"5":25,"6":25,"7":100,"8":25,"9":4,"10":86,"11":1,"12":1,"13":16,"14":15,"15":1,"16":1,"17":56,"18":56,"19":56,"20":56,"21":56,"22":7,"23":7,"24":7,"25":7,"26":7,"27":7,"28":28,"29":28,"30":28,"31":112,"32":112,"33":112,"34":14,"35":5,"36":5,"37":5,"38":5,"39":5,"40":5,"41":9,"42":9,"43":9,"44":9,"45":7,"46":9,"47":7,"48":5,"49":5,"50":5,"51":5,"52":5,"53":5,"54":20,"55":20,"56":20,"57":80,"58":80,"59":80,"60":10,"61":2,"62":2,"63":2,"64":2,"65":2,"66":2,"67":8,"68":8,"69":8,"70":8,"71":2,"72":8,"73":5,"74":4,"75":4,"76":4,"77":4,"78":4,"79":4,"80":16,"81":16,"82":16,"83":64,"84":64,"85":64,"86":8,"87":2,"88":2,"89":2,"90":2,"91":2,"92":2,"93":6,"94":6,"95":6,"96":6,"97":1,"98":6,"99":4,"100":5,"101":5,"102":5,"103":5,"104":5,"105":5,"106":20,"107":20,"108":20,"109":80,"110":80,"111":80,"112":10,"113":2,"114":2,"115":2,"116":2,"117":2,"118":2,"119":8,"120":8,"121":8,"122":8,"123":3,"124":8,"125":5,"126":8,"127":0,"128":0},"f":{"0":25,"1":86,"2":16},"b":{"0":[0],"1":[1,56,7,5,4,5,8,0,0],"2":[15],"3":[14],"4":[5],"5":[7],"6":[10],"7":[2],"8":[2],"9":[8],"10":[2],"11":[1],"12":[10],"13":[2],"14":[3]}}
}
