TN:
SF:constants.ts
FNF:0
FNH:0
DA:4,44
DA:6,5
DA:8,726
DA:13,41
DA:15,5
DA:20,5
LF:6
LH:6
BRF:0
BRH:0
end_of_record
TN:
SF:components/board.tsx
FN:9,Board
FN:14,(anonymous_3)
FN:37,(anonymous_4)
FN:55,(anonymous_5)
FN:66,(anonymous_6)
FN:67,(anonymous_7)
FN:72,(anonymous_8)
FN:79,(anonymous_9)
FN:82,(anonymous_10)
FNF:9
FNH:8
FNDA:18,Board
FNDA:2,(anonymous_3)
FNDA:0,(anonymous_4)
FNDA:18,(anonymous_5)
FNDA:18,(anonymous_6)
FNDA:20,(anonymous_7)
FNDA:18,(anonymous_8)
FNDA:8,(anonymous_9)
FNDA:8,(anonymous_10)
DA:1,3
DA:3,3
DA:4,3
DA:5,3
DA:6,3
DA:7,3
DA:9,8
DA:10,18
DA:11,18
DA:13,18
DA:16,2
DA:18,2
DA:20,2
DA:21,2
DA:23,0
DA:24,0
DA:26,0
DA:27,0
DA:29,0
DA:30,0
DA:36,18
DA:38,0
DA:39,0
DA:40,0
DA:42,0
DA:45,0
DA:46,0
DA:48,0
DA:55,18
DA:56,18
DA:57,18
DA:59,18
DA:60,288
DA:63,18
DA:66,18
DA:67,18
DA:68,20
DA:72,18
DA:73,18
DA:74,8
DA:75,8
DA:79,18
DA:80,8
DA:82,8
DA:83,8
LF:45
LH:32
BRDA:18,0,0,2
BRDA:18,0,1,0
BRDA:18,0,2,0
BRDA:18,0,3,0
BRDA:38,1,0,0
BRDA:38,1,1,0
BRDA:39,2,0,0
BRDA:39,2,1,0
BRDA:45,3,0,0
BRDA:45,3,1,0
BRDA:73,4,0,8
BRDA:90,5,0,18
BRDA:91,6,0,18
BRF:13
BRH:4
end_of_record
TN:
SF:components/mobile-swiper.tsx
FN:15,MobileSwiper
FN:20,(anonymous_2)
FN:32,(anonymous_3)
FN:52,(anonymous_4)
FN:56,(anonymous_5)
FNF:5
FNH:5
FNDA:20,MobileSwiper
FNDA:2,(anonymous_2)
FNDA:2,(anonymous_3)
FNDA:10,(anonymous_4)
FNDA:10,(anonymous_5)
DA:7,4
DA:15,20
DA:16,20
DA:17,20
DA:18,20
DA:20,20
DA:21,2
DA:22,0
DA:25,2
DA:27,2
DA:28,2
DA:31,20
DA:33,2
DA:34,1
DA:37,1
DA:39,1
DA:40,1
DA:41,1
DA:42,1
DA:44,1
DA:46,1
DA:47,1
DA:52,20
DA:53,10
DA:54,10
DA:56,10
DA:57,10
DA:58,10
LF:28
LH:27
BRDA:21,0,0,0
BRDA:33,1,0,1
BRF:2
BRH:1
end_of_record
TN:
SF:components/score.tsx
FN:5,Score
FNF:1
FNH:1
FNDA:7,Score
DA:1,2
DA:2,2
DA:3,2
DA:5,3
DA:6,7
LF:5
LH:5
BRF:0
BRH:0
end_of_record
TN:
SF:components/splash.tsx
FN:5,Splash
FNF:1
FNH:0
FNDA:0,Splash
DA:1,3
DA:2,3
DA:3,3
DA:5,0
DA:6,0
LF:5
LH:3
BRDA:5,0,0,0
BRDA:5,1,0,0
BRDA:9,2,0,0
BRDA:9,2,1,0
BRF:4
BRH:0
end_of_record
TN:
SF:components/tile.tsx
FN:13,Tile
FN:23,(anonymous_3)
FN:26,(anonymous_4)
FN:29,(anonymous_5)
FNF:4
FNH:4
FNDA:44,Tile
FNDA:88,(anonymous_3)
FNDA:40,(anonymous_4)
FNDA:2,(anonymous_5)
DA:1,4
DA:2,4
DA:8,4
DA:10,4
DA:11,4
DA:13,23
DA:14,44
DA:15,44
DA:19,44
DA:20,44
DA:21,44
DA:23,44
DA:24,88
DA:26,44
DA:27,40
DA:28,21
DA:29,21
DA:33,44
LF:18
LH:18
BRDA:15,0,0,0
BRDA:15,0,1,44
BRDA:27,1,0,21
BRF:3
BRH:2
end_of_record
TN:
SF:context/game-context.tsx
FN:22,(anonymous_7)
FN:23,(anonymous_8)
FN:24,(anonymous_9)
FN:27,GameProvider
FN:30,(anonymous_11)
FN:43,(anonymous_12)
FN:55,(anonymous_13)
FN:56,(anonymous_14)
FN:61,(anonymous_15)
FN:68,(anonymous_16)
FN:74,(anonymous_17)
FN:76,(anonymous_18)
FN:110,(anonymous_19)
FN:112,(anonymous_20)
FN:119,(anonymous_21)
FNF:15
FNH:8
FNDA:0,(anonymous_7)
FNDA:0,(anonymous_8)
FNDA:0,(anonymous_9)
FNDA:18,GameProvider
FNDA:0,(anonymous_11)
FNDA:0,(anonymous_12)
FNDA:18,(anonymous_13)
FNDA:20,(anonymous_14)
FNDA:2,(anonymous_15)
FNDA:8,(anonymous_16)
FNDA:8,(anonymous_17)
FNDA:0,(anonymous_18)
FNDA:10,(anonymous_19)
FNDA:0,(anonymous_20)
FNDA:10,(anonymous_21)
DA:7,3
DA:13,3
DA:15,3
DA:19,25
DA:23,0
DA:27,8
DA:28,18
DA:30,18
DA:31,0
DA:33,0
DA:34,0
DA:35,0
DA:36,0
DA:40,0
DA:43,18
DA:44,0
DA:45,0
DA:46,0
DA:47,0
DA:51,0
DA:55,18
DA:56,20
DA:59,18
DA:61,2
DA:68,18
DA:69,8
DA:70,8
DA:71,8
DA:74,18
DA:76,8
DA:79,8
DA:80,0
DA:81,0
DA:84,8
DA:86,8
DA:87,8
DA:88,8
DA:89,8
DA:94,8
DA:97,0
DA:98,0
DA:101,0
DA:102,0
DA:107,0
DA:110,18
DA:111,10
DA:112,2
DA:113,0
DA:114,0
DA:119,18
DA:120,10
DA:121,8
LF:52
LH:31
BRDA:35,0,0,0
BRDA:45,1,0,0
BRDA:79,2,0,0
BRDA:89,3,0,8
BRDA:90,4,0,8
BRDA:90,4,1,0
BRDA:90,4,2,0
BRDA:97,5,0,0
BRDA:101,6,0,0
BRDA:111,7,0,2
BRDA:120,8,0,8
BRF:11
BRH:4
end_of_record
TN:
SF:hooks/use-previous-props.ts
FN:3,usePreviousProps
FN:6,(anonymous_2)
FNF:2
FNH:2
FNDA:47,usePreviousProps
FNDA:47,(anonymous_2)
DA:1,5
DA:3,47
DA:4,47
DA:6,47
DA:7,47
DA:10,47
LF:6
LH:6
BRF:0
BRH:0
end_of_record
TN:
SF:reducers/game-reducer.ts
FN:26,createBoard
FN:45,gameReducer
FN:53,(anonymous_6)
FNF:3
FNH:3
FNDA:25,createBoard
FNDA:86,gameReducer
FNDA:16,(anonymous_6)
DA:2,4
DA:3,4
DA:27,25
DA:29,25
DA:30,100
DA:33,25
DA:36,75
DA:45,75
DA:49,86
DA:51,1
DA:52,1
DA:54,16
DA:55,15
DA:58,1
DA:66,1
DA:74,56
DA:75,56
DA:76,56
DA:77,56
DA:79,56
DA:93,7
DA:94,7
DA:95,7
DA:96,7
DA:98,7
DA:99,28
DA:102,28
DA:103,112
DA:104,112
DA:106,112
DA:107,14
DA:108,5
DA:109,5
DA:113,5
DA:117,5
DA:118,5
DA:119,5
DA:122,9
DA:123,9
DA:127,9
DA:128,9
DA:129,7
DA:131,9
DA:135,7
DA:144,5
DA:145,5
DA:146,5
DA:147,5
DA:149,5
DA:150,20
DA:153,20
DA:154,80
DA:155,80
DA:157,80
DA:158,10
DA:159,2
DA:160,2
DA:164,2
DA:168,2
DA:169,2
DA:170,2
DA:173,8
DA:174,8
DA:178,8
DA:179,8
DA:180,2
DA:182,8
DA:186,5
DA:195,4
DA:196,4
DA:197,4
DA:198,4
DA:200,4
DA:201,16
DA:204,16
DA:205,64
DA:206,64
DA:208,64
DA:209,8
DA:210,2
DA:211,2
DA:215,2
DA:219,2
DA:220,2
DA:221,2
DA:224,6
DA:225,6
DA:229,6
DA:230,6
DA:231,1
DA:233,6
DA:237,4
DA:246,5
DA:247,5
DA:248,5
DA:249,5
DA:251,5
DA:252,20
DA:255,20
DA:256,80
DA:257,80
DA:259,80
DA:260,10
DA:261,2
DA:262,2
DA:266,2
DA:270,2
DA:271,2
DA:272,2
DA:275,8
DA:276,8
DA:280,8
DA:281,8
DA:282,3
DA:284,8
DA:288,5
DA:297,8
DA:299,0
DA:304,0
LF:119
LH:117
BRDA:46,0,0,0
BRDA:49,1,0,1
BRDA:49,1,1,56
BRDA:49,1,2,7
BRDA:49,1,3,5
BRDA:49,1,4,4
BRDA:49,1,5,5
BRDA:49,1,6,8
BRDA:49,1,7,0
BRDA:49,1,8,0
BRDA:54,2,0,15
BRDA:106,3,0,14
BRDA:107,4,0,5
BRDA:128,5,0,7
BRDA:157,6,0,10
BRDA:158,7,0,2
BRDA:179,8,0,2
BRDA:208,9,0,8
BRDA:209,10,0,2
BRDA:230,11,0,1
BRDA:259,12,0,10
BRDA:260,13,0,2
BRDA:281,14,0,3
BRF:23
BRH:20
end_of_record
